DatePicker/build/outputs/logs/manifest-merger-release-report.txt
-- Merging decision tree log ---
manifest
ADDED from ElinDriverSchool\DatePicker\AndroidManifest.xml:1:1-6:12
INJECTED from ElinDriverSchool\DatePicker\AndroidManifest.xml:1:1-6:12
INJECTED from ElinDriverSchool\DatePicker\AndroidManifest.xml:1:1-6:12
	package
		ADDED from ElinDriverSchool\DatePicker\AndroidManifest.xml:2:5-45
		INJECTED from ElinDriverSchool\DatePicker\AndroidManifest.xml
		INJECTED from ElinDriverSchool\DatePicker\AndroidManifest.xml
	xmlns:android
		ADDED from ElinDriverSchool\DatePicker\AndroidManifest.xml:1:11-69
uses-sdk
ADDED from ElinDriverSchool\DatePicker\AndroidManifest.xml:4:5-42
	android:minSdkVersion
		ADDED from ElinDriverSchool\DatePicker\AndroidManifest.xml:4:15-40